<?xml version="1.0" encoding="UTF-8"?>
<!-- Generated by org.testng.reporters.JUnitXMLReporter -->
<testsuite hostname="user-System-Product-Name" ignored="0" name="Authorization" tests="1" failures="1" timestamp="14 мар 2018 14:17:55 GMT" time="14.185" errors="0">
  <testcase name="Login" time="14.014" classname="qa.marm.test.Authorization">
    <failure type="java.lang.NullPointerException">
      <![CDATA[java.lang.NullPointerException
	at qa.marm.test.Authorization.Login(Authorization.java:38)
... Removed 28 stack frames]]>
    </failure>
  </testcase> <!-- Login -->
</testsuite> <!-- Authorization -->
