<?xml version="1.0" encoding="UTF-8"?>
<!-- Generated by org.testng.reporters.JUnitXMLReporter -->
<testsuite hostname="user-System-Product-Name" ignored="2" name="Button" tests="5" failures="0" timestamp="14 мар 2018 09:03:29 GMT" time="2.15" errors="0">
  <testcase name="MenuLeft" time="0.349" classname="qa.marm.test.ButtonTest"/>
  <testcase name="ScreenButtonCheck" time="0.884" classname="qa.marm.test.ButtonTest"/>
  <testcase name="CorrectDisplayOfAVisualElement" time="0.337" classname="qa.marm.test.ButtonTest"/>
  <testcase name="ChangeTheTextOfTheVisualElement" time="0.21" classname="qa.marm.test.ButtonTest"/>
  <testcase name="AligningTheTextOfTheVisualElement" time="0.363" classname="qa.marm.test.ButtonTest"/>
  <testcase name="ChangeTheVisibilityOfTheVisualElement" time="0.0" classname="qa.marm.test.ButtonTest">
    <ignored/>
  </testcase> <!-- ChangeTheVisibilityOfTheVisualElement -->
  <testcase name="CheckMainButton" time="0.0" classname="qa.marm.test.ButtonTest">
    <ignored/>
  </testcase> <!-- CheckMainButton -->
</testsuite> <!-- Button -->
