<?xml version="1.0" encoding="UTF-8"?>
<testng-results skipped="0" failed="1" ignored="0" total="4" passed="3">
  <reporter-output>
  </reporter-output>
  <suite name="Poligon" duration-ms="22309" started-at="2018-04-05T10:13:26Z" finished-at="2018-04-05T10:13:48Z">
    <groups>
      <group name="authorization">
        <method signature="Authorization.Login()[pri:0, instance:qa.marm.test.Authorization@1eb6749b]" name="Login" class="qa.marm.test.Authorization"/>
        <method signature="Authorization.CheckMainScreen()[pri:0, instance:qa.marm.test.Authorization@1eb6749b]" name="CheckMainScreen" class="qa.marm.test.Authorization"/>
      </group> <!-- authorization -->
      <group name="lable">
        <method signature="View.MenuLeft()[pri:0, instance:qa.marm.test.View@30990c1b]" name="MenuLeft" class="qa.marm.test.View"/>
      </group> <!-- lable -->
    </groups>
    <test name="Authorization" duration-ms="17456" started-at="2018-04-05T10:13:26Z" finished-at="2018-04-05T10:13:43Z">
      <class name="qa.marm.test.Authorization">
        <test-method status="PASS" signature="Login()[pri:0, instance:qa.marm.test.Authorization@1eb6749b]" name="Login" duration-ms="17112" started-at="2018-04-05T14:13:26Z" finished-at="2018-04-05T14:13:43Z">
          <reporter-output>
          </reporter-output>
        </test-method> <!-- Login -->
        <test-method status="PASS" signature="CheckMainScreen()[pri:0, instance:qa.marm.test.Authorization@1eb6749b]" name="CheckMainScreen" duration-ms="200" started-at="2018-04-05T14:13:43Z" depends-on-methods="qa.marm.test.Authorization.Login" finished-at="2018-04-05T14:13:43Z">
          <reporter-output>
          </reporter-output>
        </test-method> <!-- CheckMainScreen -->
      </class> <!-- qa.marm.test.Authorization -->
    </test> <!-- Authorization -->
    <test name="View" duration-ms="4837" started-at="2018-04-05T10:13:43Z" finished-at="2018-04-05T10:13:48Z">
      <class name="qa.marm.test.View">
        <test-method status="PASS" signature="MenuLeft()[pri:0, instance:qa.marm.test.View@30990c1b]" name="MenuLeft" duration-ms="475" started-at="2018-04-05T14:13:43Z" finished-at="2018-04-05T14:13:43Z">
          <reporter-output>
          </reporter-output>
        </test-method> <!-- MenuLeft -->
        <test-method status="FAIL" signature="CheckView()[pri:0, instance:qa.marm.test.View@30990c1b]" name="CheckView" duration-ms="4350" started-at="2018-04-05T14:13:43Z" depends-on-methods="qa.marm.test.View.MenuLeft" finished-at="2018-04-05T14:13:48Z">
          <exception class="org.openqa.selenium.UnsupportedCommandException">
            <message>
              <![CDATA[unknown command: session/79a236f13e6a02582733621769cdf13a/element/0.2627203288264439-7/rect
Command duration or timeout: 3 milliseconds
Build info: version: '3.9.1', revision: '63f7b50', time: '2018-02-07T22:25:02.294Z'
System info: host: 'user-System-Product-Name', ip: '127.0.1.1', os.name: 'Linux', os.arch: 'amd64', os.version: '4.10.0-42-generic', java.version: '1.8.0_151'
Driver info: org.openqa.selenium.chrome.ChromeDriver
Capabilities {acceptInsecureCerts: false, acceptSslCerts: false, applicationCacheEnabled: false, browserConnectionEnabled: false, browserName: chrome, chrome: {chromedriverVersion: 2.35.528139 (47ead77cb35ad2..., userDataDir: /tmp/.org.chromium.Chromium...}, cssSelectorsEnabled: true, databaseEnabled: false, handlesAlerts: true, hasTouchScreen: false, javascriptEnabled: true, locationContextEnabled: true, mobileEmulationEnabled: false, nativeEvents: true, networkConnectionEnabled: false, pageLoadStrategy: normal, platform: LINUX, platformName: LINUX, rotatable: false, setWindowRect: true, takesHeapSnapshot: true, takesScreenshot: true, unexpectedAlertBehaviour: , unhandledPromptBehavior: , version: 65.0.3325.146, webStorageEnabled: true}
Session ID: 79a236f13e6a02582733621769cdf13a]]>
            </message>
            <full-stacktrace>
              <![CDATA[org.openqa.selenium.UnsupportedCommandException: unknown command: session/79a236f13e6a02582733621769cdf13a/element/0.2627203288264439-7/rect
Command duration or timeout: 3 milliseconds
Build info: version: '3.9.1', revision: '63f7b50', time: '2018-02-07T22:25:02.294Z'
System info: host: 'user-System-Product-Name', ip: '127.0.1.1', os.name: 'Linux', os.arch: 'amd64', os.version: '4.10.0-42-generic', java.version: '1.8.0_151'
Driver info: org.openqa.selenium.chrome.ChromeDriver
Capabilities {acceptInsecureCerts: false, acceptSslCerts: false, applicationCacheEnabled: false, browserConnectionEnabled: false, browserName: chrome, chrome: {chromedriverVersion: 2.35.528139 (47ead77cb35ad2..., userDataDir: /tmp/.org.chromium.Chromium...}, cssSelectorsEnabled: true, databaseEnabled: false, handlesAlerts: true, hasTouchScreen: false, javascriptEnabled: true, locationContextEnabled: true, mobileEmulationEnabled: false, nativeEvents: true, networkConnectionEnabled: false, pageLoadStrategy: normal, platform: LINUX, platformName: LINUX, rotatable: false, setWindowRect: true, takesHeapSnapshot: true, takesScreenshot: true, unexpectedAlertBehaviour: , unhandledPromptBehavior: , version: 65.0.3325.146, webStorageEnabled: true}
Session ID: 79a236f13e6a02582733621769cdf13a
	at sun.reflect.NativeConstructorAccessorImpl.newInstance0(Native Method)
	at sun.reflect.NativeConstructorAccessorImpl.newInstance(NativeConstructorAccessorImpl.java:62)
	at sun.reflect.DelegatingConstructorAccessorImpl.newInstance(DelegatingConstructorAccessorImpl.java:45)
	at java.lang.reflect.Constructor.newInstance(Constructor.java:423)
	at org.openqa.selenium.remote.ErrorHandler.createThrowable(ErrorHandler.java:214)
	at org.openqa.selenium.remote.ErrorHandler.throwIfResponseFailed(ErrorHandler.java:166)
	at org.openqa.selenium.remote.RemoteWebDriver.execute(RemoteWebDriver.java:635)
	at org.openqa.selenium.remote.RemoteWebElement.execute(RemoteWebElement.java:279)
	at org.openqa.selenium.remote.RemoteWebElement.getRect(RemoteWebElement.java:348)
	at TestClass.ViewScreen.getSizeHorizontalBlock(ViewScreen.java:134)
	at qa.marm.test.View.CheckView(View.java:48)
	at sun.reflect.NativeMethodAccessorImpl.invoke0(Native Method)
	at sun.reflect.NativeMethodAccessorImpl.invoke(NativeMethodAccessorImpl.java:62)
	at sun.reflect.DelegatingMethodAccessorImpl.invoke(DelegatingMethodAccessorImpl.java:43)
	at java.lang.reflect.Method.invoke(Method.java:498)
	at org.testng.internal.MethodInvocationHelper.invokeMethod(MethodInvocationHelper.java:104)
	at org.testng.internal.Invoker.invokeMethod(Invoker.java:645)
	at org.testng.internal.Invoker.invokeTestMethod(Invoker.java:851)
	at org.testng.internal.Invoker.invokeTestMethods(Invoker.java:1177)
	at org.testng.internal.TestMethodWorker.invokeTestMethods(TestMethodWorker.java:129)
	at org.testng.internal.TestMethodWorker.run(TestMethodWorker.java:112)
	at org.testng.TestRunner.privateRun(TestRunner.java:756)
	at org.testng.TestRunner.run(TestRunner.java:610)
	at org.testng.SuiteRunner.runTest(SuiteRunner.java:387)
	at org.testng.SuiteRunner.runSequentially(SuiteRunner.java:382)
	at org.testng.SuiteRunner.privateRun(SuiteRunner.java:340)
	at org.testng.SuiteRunner.run(SuiteRunner.java:289)
	at org.testng.SuiteRunnerWorker.runSuite(SuiteRunnerWorker.java:52)
	at org.testng.SuiteRunnerWorker.run(SuiteRunnerWorker.java:86)
	at org.testng.TestNG.runSuitesSequentially(TestNG.java:1293)
	at org.testng.TestNG.runSuitesLocally(TestNG.java:1218)
	at org.testng.TestNG.runSuites(TestNG.java:1133)
	at org.testng.TestNG.run(TestNG.java:1104)
	at org.apache.maven.surefire.testng.TestNGExecutor.run(TestNGExecutor.java:283)
	at org.apache.maven.surefire.testng.TestNGXmlTestSuite.execute(TestNGXmlTestSuite.java:75)
	at org.apache.maven.surefire.testng.TestNGProvider.invoke(TestNGProvider.java:120)
	at org.apache.maven.surefire.booter.ForkedBooter.invokeProviderInSameClassLoader(ForkedBooter.java:386)
	at org.apache.maven.surefire.booter.ForkedBooter.runSuitesInProcess(ForkedBooter.java:323)
	at org.apache.maven.surefire.booter.ForkedBooter.main(ForkedBooter.java:143)
]]>
            </full-stacktrace>
          </exception> <!-- org.openqa.selenium.UnsupportedCommandException -->
          <reporter-output>
          </reporter-output>
        </test-method> <!-- CheckView -->
      </class> <!-- qa.marm.test.View -->
      <class name="qa.marm.test.Authorization">
        <test-method status="PASS" signature="setup()[pri:0, instance:qa.marm.test.Authorization@1eb6749b]" name="setup" is-config="true" duration-ms="5385" started-at="2018-04-05T14:13:20Z" finished-at="2018-04-05T14:13:26Z">
          <reporter-output>
          </reporter-output>
        </test-method> <!-- setup -->
      </class> <!-- qa.marm.test.Authorization -->
    </test> <!-- View -->
  </suite> <!-- Poligon -->
</testng-results>
