<?xml version="1.0" encoding="UTF-8"?>
<testng-results skipped="0" failed="1" ignored="0" total="5" passed="4">
  <reporter-output>
  </reporter-output>
  <suite name="Test" duration-ms="67239" started-at="2018-03-22T12:54:22Z" finished-at="2018-03-22T12:55:29Z">
    <groups>
    </groups>
    <test name="Authorization" duration-ms="4" started-at="2018-03-22T12:54:22Z" finished-at="2018-03-22T12:54:22Z">
    </test> <!-- Authorization -->
    <test name="Radio" duration-ms="64118" started-at="2018-03-22T12:54:22Z" finished-at="2018-03-22T12:55:26Z">
      <class name="BasicCheck.RadioTest">
        <test-method status="PASS" signature="SearchForNewSongs()[pri:1, instance:BasicCheck.RadioTest@366ef90e]" name="SearchForNewSongs" duration-ms="32523" started-at="2018-03-22T16:54:22Z" finished-at="2018-03-22T16:54:54Z">
          <reporter-output>
          </reporter-output>
        </test-method> <!-- SearchForNewSongs -->
        <test-method status="PASS" signature="GoToTheTop()[pri:2, instance:BasicCheck.RadioTest@366ef90e]" name="GoToTheTop" duration-ms="31189" started-at="2018-03-22T16:54:54Z" finished-at="2018-03-22T16:55:26Z">
          <reporter-output>
          </reporter-output>
        </test-method> <!-- GoToTheTop -->
        <test-method status="PASS" signature="GettingTopSongs()[pri:3, instance:BasicCheck.RadioTest@366ef90e]" name="GettingTopSongs" duration-ms="338" started-at="2018-03-22T16:55:26Z" finished-at="2018-03-22T16:55:26Z">
          <reporter-output>
          </reporter-output>
        </test-method> <!-- GettingTopSongs -->
        <test-method status="FAIL" signature="Comparison()[pri:4, instance:BasicCheck.RadioTest@366ef90e]" name="Comparison" duration-ms="4" started-at="2018-03-22T16:55:26Z" finished-at="2018-03-22T16:55:26Z">
          <exception class="java.lang.AssertionError">
            <message>
              <![CDATA[Нет совпадений в композиций expected [false] but found [true]]]>
            </message>
            <full-stacktrace>
              <![CDATA[java.lang.AssertionError: Нет совпадений в композиций expected [false] but found [true]
	at org.testng.Assert.fail(Assert.java:94)
	at org.testng.Assert.failNotEquals(Assert.java:513)
	at org.testng.Assert.assertFalse(Assert.java:63)
	at BasicCheck.RadioTest.Comparison(RadioTest.java:71)
	at sun.reflect.NativeMethodAccessorImpl.invoke0(Native Method)
	at sun.reflect.NativeMethodAccessorImpl.invoke(NativeMethodAccessorImpl.java:62)
	at sun.reflect.DelegatingMethodAccessorImpl.invoke(DelegatingMethodAccessorImpl.java:43)
	at java.lang.reflect.Method.invoke(Method.java:498)
	at org.testng.internal.MethodInvocationHelper.invokeMethod(MethodInvocationHelper.java:104)
	at org.testng.internal.Invoker.invokeMethod(Invoker.java:645)
	at org.testng.internal.Invoker.invokeTestMethod(Invoker.java:851)
	at org.testng.internal.Invoker.invokeTestMethods(Invoker.java:1177)
	at org.testng.internal.TestMethodWorker.invokeTestMethods(TestMethodWorker.java:129)
	at org.testng.internal.TestMethodWorker.run(TestMethodWorker.java:112)
	at org.testng.TestRunner.privateRun(TestRunner.java:756)
	at org.testng.TestRunner.run(TestRunner.java:610)
	at org.testng.SuiteRunner.runTest(SuiteRunner.java:387)
	at org.testng.SuiteRunner.runSequentially(SuiteRunner.java:382)
	at org.testng.SuiteRunner.privateRun(SuiteRunner.java:340)
	at org.testng.SuiteRunner.run(SuiteRunner.java:289)
	at org.testng.SuiteRunnerWorker.runSuite(SuiteRunnerWorker.java:52)
	at org.testng.SuiteRunnerWorker.run(SuiteRunnerWorker.java:86)
	at org.testng.TestNG.runSuitesSequentially(TestNG.java:1293)
	at org.testng.TestNG.runSuitesLocally(TestNG.java:1218)
	at org.testng.TestNG.runSuites(TestNG.java:1133)
	at org.testng.TestNG.run(TestNG.java:1104)
	at org.apache.maven.surefire.testng.TestNGExecutor.run(TestNGExecutor.java:283)
	at org.apache.maven.surefire.testng.TestNGXmlTestSuite.execute(TestNGXmlTestSuite.java:75)
	at org.apache.maven.surefire.testng.TestNGProvider.invoke(TestNGProvider.java:120)
	at org.apache.maven.surefire.booter.ForkedBooter.invokeProviderInSameClassLoader(ForkedBooter.java:386)
	at org.apache.maven.surefire.booter.ForkedBooter.runSuitesInProcess(ForkedBooter.java:323)
	at org.apache.maven.surefire.booter.ForkedBooter.main(ForkedBooter.java:143)
]]>
            </full-stacktrace>
          </exception> <!-- java.lang.AssertionError -->
          <reporter-output>
          </reporter-output>
        </test-method> <!-- Comparison -->
      </class> <!-- BasicCheck.RadioTest -->
    </test> <!-- Radio -->
    <test name="Yandex" duration-ms="2973" started-at="2018-03-22T12:55:26Z" finished-at="2018-03-22T12:55:29Z">
      <class name="BasicCheck.Authorization">
        <test-method status="PASS" signature="setup()[pri:0, instance:BasicCheck.Authorization@40f1be1b]" name="setup" is-config="true" duration-ms="1863" started-at="2018-03-22T16:54:20Z" finished-at="2018-03-22T16:54:22Z">
          <reporter-output>
          </reporter-output>
        </test-method> <!-- setup -->
        <test-method status="PASS" signature="tearDown()[pri:0, instance:BasicCheck.Authorization@40f1be1b]" name="tearDown" is-config="true" duration-ms="89" started-at="2018-03-22T16:55:29Z" finished-at="2018-03-22T16:55:29Z">
          <reporter-output>
          </reporter-output>
        </test-method> <!-- tearDown -->
      </class> <!-- BasicCheck.Authorization -->
      <class name="BasicCheck.YandexTest">
        <test-method status="PASS" signature="Login()[pri:5, instance:BasicCheck.YandexTest@21aa6d6c]" name="Login" duration-ms="2972" started-at="2018-03-22T16:55:26Z" finished-at="2018-03-22T16:55:29Z">
          <reporter-output>
          </reporter-output>
        </test-method> <!-- Login -->
      </class> <!-- BasicCheck.YandexTest -->
    </test> <!-- Yandex -->
  </suite> <!-- Test -->
</testng-results>
