<?xml version="1.0" encoding="UTF-8"?>
<testsuite xmlns:xsi="http://www.w3.org/2001/XMLSchema-instance" xsi:noNamespaceSchemaLocation="https://maven.apache.org/surefire/maven-surefire-plugin/xsd/surefire-test-report.xsd" name="TestSuite" time="14.103" tests="6" errors="0" skipped="1" failures="2">
  <properties>
[...]
</properties>
  <testcase name="SearchForNewSongs" classname="BasicCheck.RadioTest" time="2.68"/>
  <testcase name="GoToTheTop" classname="BasicCheck.RadioTest" time="2.244"/>
  <testcase name="GettingTopSongs" classname="BasicCheck.RadioTest" time="0.212">
    <failure type="java.lang.NullPointerException">java.lang.NullPointerException
	at BasicCheck.RadioTest.getSampleFile(RadioTest.java:36)
	at BasicCheck.RadioTest.saveSvgAttachment(RadioTest.java:31)
	at BasicCheck.RadioTest.GettingTopSongs(RadioTest.java:64)
</failure>
  </testcase>
  <testcase name="Comparison" classname="BasicCheck.RadioTest" time="0">
    <skipped message="Method RadioTest.Comparison()[pri:0, instance:BasicCheck.RadioTest@1d4664d7] depends on not successfully finished methods"/>
  </testcase>
  <testcase name="Login" classname="BasicCheck.YandexTest" time="2.769"/>
  <testcase name="ErrorYandex" classname="BasicCheck.YandexTest" time="0.036">
    <failure message="invalid selector: Unable to locate an element with the xpath expression //div[contains(text(), &apos;НАШЕ&apos;)]] because of the following error:&#10;SyntaxError: Failed to execute &apos;evaluate&apos; on &apos;Document&apos;: The string &apos;//div[contains(text(), &apos;НАШЕ&apos;)]]&apos; is not a valid XPath expression.&#10;  (Session info: chrome=64.0.3282.186)&#10;  (Driver info: chromedriver=2.35.528161 (5b82f2d2aae0ca24b877009200ced9065a772e73),platform=Windows NT 6.1.7601 SP1 x86_64) (WARNING: The server did not provide any stacktrace information)&#10;Command duration or timeout: 0 milliseconds&#10;For documentation on this error, please visit: http://seleniumhq.org/exceptions/invalid_selector_exception.html&#10;Build info: version: &apos;3.9.1&apos;, revision: &apos;63f7b50&apos;, time: &apos;2018-02-07T22:25:02.294Z&apos;&#10;System info: host: &apos;BRINIEL-ПК&apos;, ip: &apos;192.168.1.175&apos;, os.name: &apos;Windows 7&apos;, os.arch: &apos;amd64&apos;, os.version: &apos;6.1&apos;, java.version: &apos;9.0.4&apos;&#10;Driver info: org.openqa.selenium.chrome.ChromeDriver&#10;Capabilities {acceptInsecureCerts: false, acceptSslCerts: false, applicationCacheEnabled: false, browserConnectionEnabled: false, browserName: chrome, chrome: {chromedriverVersion: 2.35.528161 (5b82f2d2aae0ca..., userDataDir: C:\Users\Briniel\AppData\Lo...}, cssSelectorsEnabled: true, databaseEnabled: false, handlesAlerts: true, hasTouchScreen: false, javascriptEnabled: true, locationContextEnabled: true, mobileEmulationEnabled: false, nativeEvents: true, networkConnectionEnabled: false, pageLoadStrategy: normal, platform: XP, platformName: XP, rotatable: false, setWindowRect: true, takesHeapSnapshot: true, takesScreenshot: true, unexpectedAlertBehaviour: , unhandledPromptBehavior: , version: 64.0.3282.186, webStorageEnabled: true}&#10;Session ID: a4560ffe28288c9ea8bec979123b07a5&#10;*** Element info: {Using=xpath, value=//div[contains(text(), &apos;НАШЕ&apos;)]]}" type="org.openqa.selenium.InvalidSelectorException">org.openqa.selenium.InvalidSelectorException: 
invalid selector: Unable to locate an element with the xpath expression //div[contains(text(), 'НАШЕ')]] because of the following error:
SyntaxError: Failed to execute 'evaluate' on 'Document': The string '//div[contains(text(), 'НАШЕ')]]' is not a valid XPath expression.
  (Session info: chrome=64.0.3282.186)
  (Driver info: chromedriver=2.35.528161 (5b82f2d2aae0ca24b877009200ced9065a772e73),platform=Windows NT 6.1.7601 SP1 x86_64) (WARNING: The server did not provide any stacktrace information)
Command duration or timeout: 0 milliseconds
For documentation on this error, please visit: http://seleniumhq.org/exceptions/invalid_selector_exception.html
Build info: version: '3.9.1', revision: '63f7b50', time: '2018-02-07T22:25:02.294Z'
System info: host: 'BRINIEL-ПК', ip: '192.168.1.175', os.name: 'Windows 7', os.arch: 'amd64', os.version: '6.1', java.version: '9.0.4'
Driver info: org.openqa.selenium.chrome.ChromeDriver
Capabilities {acceptInsecureCerts: false, acceptSslCerts: false, applicationCacheEnabled: false, browserConnectionEnabled: false, browserName: chrome, chrome: {chromedriverVersion: 2.35.528161 (5b82f2d2aae0ca..., userDataDir: C:\Users\Briniel\AppData\Lo...}, cssSelectorsEnabled: true, databaseEnabled: false, handlesAlerts: true, hasTouchScreen: false, javascriptEnabled: true, locationContextEnabled: true, mobileEmulationEnabled: false, nativeEvents: true, networkConnectionEnabled: false, pageLoadStrategy: normal, platform: XP, platformName: XP, rotatable: false, setWindowRect: true, takesHeapSnapshot: true, takesScreenshot: true, unexpectedAlertBehaviour: , unhandledPromptBehavior: , version: 64.0.3282.186, webStorageEnabled: true}
Session ID: a4560ffe28288c9ea8bec979123b07a5
*** Element info: {Using=xpath, value=//div[contains(text(), 'НАШЕ')]]}
	at BasicCheck.YandexTest.ErrorYandex(YandexTest.java:36)
</failure>
  </testcase>
</testsuite>