<?xml version="1.0" encoding="UTF-8"?>
<!-- Generated by org.testng.reporters.JUnitXMLReporter -->
<testsuite ignored="0" hostname="Briniel-ПК" failures="1" tests="4" name="Radio" time="5.183" errors="0" timestamp="22 мар. 2018 18:37:52 GMT">
  <testcase classname="BasicCheck.RadioTest" name="SearchForNewSongs" time="2.673"/>
  <testcase classname="BasicCheck.RadioTest" name="GoToTheTop" time="2.243"/>
  <testcase classname="BasicCheck.RadioTest" name="GettingTopSongs" time="0.204">
    <failure type="java.lang.NullPointerException">
      <![CDATA[java.lang.NullPointerException
	at BasicCheck.RadioTest.getSampleFile(RadioTest.java:36)
	at BasicCheck.RadioTest.saveSvgAttachment(RadioTest.java:31)
	at BasicCheck.RadioTest.GettingTopSongs(RadioTest.java:64)
... Removed 28 stack frames]]>
    </failure>
  </testcase> <!-- GettingTopSongs -->
  <testcase classname="BasicCheck.RadioTest" name="Comparison" time="0.001">
    <skipped/>
  </testcase> <!-- Comparison -->
</testsuite> <!-- Radio -->
