<?xml version="1.0" encoding="UTF-8"?>
<!-- Generated by org.testng.reporters.JUnitXMLReporter -->
<testsuite hostname="user-System-Product-Name" ignored="0" name="Radio" tests="4" failures="1" timestamp="22 мар 2018 12:55:26 GMT" time="64.118" errors="0">
  <testcase name="SearchForNewSongs" time="32.523" classname="BasicCheck.RadioTest"/>
  <testcase name="GoToTheTop" time="31.189" classname="BasicCheck.RadioTest"/>
  <testcase name="GettingTopSongs" time="0.338" classname="BasicCheck.RadioTest"/>
  <testcase name="Comparison" time="0.004" classname="BasicCheck.RadioTest">
    <failure type="java.lang.AssertionError" message="Нет совпадений в композиций expected [false] but found [true]">
      <![CDATA[java.lang.AssertionError: Нет совпадений в композиций expected [false] but found [true]
	at BasicCheck.RadioTest.Comparison(RadioTest.java:71)
... Removed 31 stack frames]]>
    </failure>
  </testcase> <!-- Comparison -->
</testsuite> <!-- Radio -->
