<?xml version="1.0" encoding="UTF-8"?>
<!-- Generated by org.testng.reporters.JUnitXMLReporter -->
<testsuite hostname="user-System-Product-Name" ignored="0" name="Yandex" tests="2" failures="1" timestamp="23 мар 2018 07:21:04 GMT" time="32.465" errors="0">
  <testcase name="Login" time="2.38" classname="BasicCheck.YandexTest"/>
  <testcase name="ErrorYandex" time="30.083" classname="BasicCheck.YandexTest">
    <failure type="java.lang.AssertionError" message="The following asserts failed:
	Элемент не найден expected [false] but found [true],
	По запросу ничего не найдено expected [false] but found [true]">
      <![CDATA[java.lang.AssertionError: The following asserts failed:
	Элемент не найден expected [false] but found [true],
	По запросу ничего не найдено expected [false] but found [true]
	at BasicCheck.YandexTest.ErrorYandex(YandexTest.java:44)
... Removed 29 stack frames]]>
    </failure>
  </testcase> <!-- ErrorYandex -->
</testsuite> <!-- Yandex -->
