<?xml version="1.0" encoding="UTF-8"?>
<!-- Generated by org.testng.reporters.JUnitXMLReporter -->
<testsuite hostname="user-System-Product-Name" ignored="0" name="Command line test" tests="4" failures="0" timestamp="05 мар 2018 14:02:58 GMT" time="51.366" errors="0">
  <testcase name="Login" time="15.301" classname="qa.marm.test.FirstTest"/>
  <testcase name="MenuLeft" time="0.423" classname="qa.marm.test.FirstTest"/>
  <testcase name="ScreenButtonCheck" time="0.652" classname="qa.marm.test.FirstTest"/>
  <testcase name="CheckMainButton" time="30.959" classname="qa.marm.test.FirstTest"/>
</testsuite> <!-- Command line test -->
