<?xml version="1.0" encoding="UTF-8"?>
<!-- Generated by org.testng.reporters.JUnitXMLReporter -->
<testsuite hostname="user-System-Product-Name" ignored="0" name="Command line test" tests="4" failures="0" timestamp="06 мар 2018 14:13:55 GMT" time="32.665" errors="0">
  <testcase name="Login" time="17.426" classname="qa.marm.test.FirstTest"/>
  <testcase name="MenuLeft" time="0.698" classname="qa.marm.test.FirstTest"/>
  <testcase name="ScreenButtonCheck" time="0.864" classname="qa.marm.test.FirstTest"/>
  <testcase name="CheckMainButton" time="1.133" classname="qa.marm.test.FirstTest"/>
</testsuite> <!-- Command line test -->
